android/build/outputs/logs/manifest-merger-release-report.txt
-- Merging decision tree log ---
manifest
ADDED from src/main/AndroidManifest.xml:1:1-13:12
INJECTED from src/main/AndroidManifest.xml:1:1-13:12
INJECTED from src/main/AndroidManifest.xml:1:1-13:12
INJECTED from src/main/AndroidManifest.xml:1:1-13:12
INJECTED from src/main/AndroidManifest.xml:1:1-13:12
INJECTED from src/main/AndroidManifest.xml:1:1-13:12
INJECTED from src/main/AndroidManifest.xml:1:1-13:12
	package
		ADDED from src/main/AndroidManifest.xml:1:70-112
		INJECTED from src/main/AndroidManifest.xml
		INJECTED from src/main/AndroidManifest.xml
	android:versionName
		INJECTED from src/main/AndroidManifest.xml
		ADDED from src/main/AndroidManifest.xml:1:1-13:12
		INJECTED from src/main/AndroidManifest.xml
	android:versionCode
		INJECTED from src/main/AndroidManifest.xml
		ADDED from src/main/AndroidManifest.xml:1:1-13:12
		INJECTED from src/main/AndroidManifest.xml
	xmlns:android
		ADDED from src/main/AndroidManifest.xml:1:11-69
application
ADDED from src/main/AndroidManifest.xml:2:5-12:19
provider#com.reactnativecommunity.webview.RNCWebViewFileProvider
ADDED from src/main/AndroidManifest.xml:3:9-11:20
	android:grantUriPermissions
		ADDED from src/main/AndroidManifest.xml:7:9-43
	android:authorities
		ADDED from src/main/AndroidManifest.xml:5:9-60
	android:exported
		ADDED from src/main/AndroidManifest.xml:6:9-33
	android:name
		ADDED from src/main/AndroidManifest.xml:4:9-47
meta-data#android.support.FILE_PROVIDER_PATHS
ADDED from src/main/AndroidManifest.xml:8:13-10:63
	android:resource
		ADDED from src/main/AndroidManifest.xml:10:17-60
	android:name
		ADDED from src/main/AndroidManifest.xml:9:17-67
uses-sdk
INJECTED from src/main/AndroidManifest.xml reason: use-sdk injection requested
INJECTED from src/main/AndroidManifest.xml
INJECTED from src/main/AndroidManifest.xml
INJECTED from src/main/AndroidManifest.xml
INJECTED from src/main/AndroidManifest.xml
	android:targetSdkVersion
		INJECTED from src/main/AndroidManifest.xml
		ADDED from src/main/AndroidManifest.xml
		INJECTED from src/main/AndroidManifest.xml
	android:minSdkVersion
		INJECTED from src/main/AndroidManifest.xml
		ADDED from src/main/AndroidManifest.xml
		INJECTED from src/main/AndroidManifest.xml